<?xml version="1.0" encoding="UTF-8"?>
<!-- Generated by org.testng.reporters.JUnitReportReporter -->
<testsuite skipped="0" hostname="DESKTOP-0M1MH5T" name="com.qa.linkedin.testcases.SearchDataDrivenTest" tests="9" failures="0" timestamp="2022-03-30T08:27:19 IST" time="82.090" errors="0">
  <testcase name="doLoginTest" time="20.989" classname="com.qa.linkedin.testcases.SearchDataDrivenTest"/>
  <system-out/>
  <testcase name="dosearchPeopleTest" time="5.759" classname="com.qa.linkedin.testcases.SearchDataDrivenTest"/>
  <system-out/>
  <testcase name="dosearchPeopleTest" time="6.781" classname="com.qa.linkedin.testcases.SearchDataDrivenTest"/>
  <system-out/>
  <testcase name="dosearchPeopleTest" time="5.232" classname="com.qa.linkedin.testcases.SearchDataDrivenTest"/>
  <system-out/>
  <testcase name="dosearchPeopleTest" time="4.346" classname="com.qa.linkedin.testcases.SearchDataDrivenTest"/>
  <system-out/>
  <testcase name="dosearchPeopleTest" time="3.905" classname="com.qa.linkedin.testcases.SearchDataDrivenTest"/>
  <system-out/>
  <testcase name="dosearchPeopleTest" time="5.397" classname="com.qa.linkedin.testcases.SearchDataDrivenTest"/>
  <system-out/>
  <testcase name="dosearchPeopleTest" time="23.442" classname="com.qa.linkedin.testcases.SearchDataDrivenTest"/>
  <system-out/>
  <testcase name="dosearchPeopleTest" time="6.239" classname="com.qa.linkedin.testcases.SearchDataDrivenTest"/>
  <system-out/>
</testsuite> <!-- com.qa.linkedin.testcases.SearchDataDrivenTest -->
